<?xml version="1.0" encoding="UTF-8"?>
<coverage generated="1744285817761" clover="3.2.0">
  <project timestamp="1744285817761" name="All files">
    <metrics statements="144" coveredstatements="136" conditionals="80" coveredconditionals="70" methods="24" coveredmethods="22" elements="248" coveredelements="228" complexity="0" loc="144" ncloc="144" packages="3" files="3" classes="3"/>
    <package name="server">
      <metrics statements="26" coveredstatements="26" conditionals="1" coveredconditionals="1" methods="4" coveredmethods="4"/>
      <file name="server.js" path="C:\Users\diana\Desktop\desktop\An 2\sem 2\mpp\album-shop-backend\server\server.js">
        <metrics statements="26" coveredstatements="26" conditionals="1" coveredconditionals="1" methods="4" coveredmethods="4"/>
        <line num="5" count="1" type="stmt"/>
        <line num="6" count="1" type="cond" truecount="1" falsecount="0"/>
        <line num="13" count="1" type="stmt"/>
        <line num="14" count="1" type="stmt"/>
        <line num="17" count="1" type="stmt"/>
        <line num="18" count="23" type="stmt"/>
        <line num="19" count="23" type="stmt"/>
        <line num="22" count="1" type="stmt"/>
        <line num="23" count="1" type="stmt"/>
        <line num="25" count="1" type="stmt"/>
        <line num="30" count="1" type="stmt"/>
        <line num="34" count="1" type="stmt"/>
        <line num="35" count="1" type="stmt"/>
        <line num="37" count="1" type="stmt"/>
        <line num="38" count="1" type="stmt"/>
        <line num="39" count="1" type="stmt"/>
        <line num="42" count="1" type="stmt"/>
        <line num="43" count="1" type="stmt"/>
        <line num="44" count="1" type="stmt"/>
        <line num="45" count="1" type="stmt"/>
        <line num="46" count="1" type="stmt"/>
        <line num="47" count="1" type="stmt"/>
        <line num="48" count="1" type="stmt"/>
        <line num="49" count="1" type="stmt"/>
        <line num="50" count="1" type="stmt"/>
        <line num="51" count="1" type="stmt"/>
      </file>
    </package>
    <package name="server.controllers">
      <metrics statements="112" coveredstatements="104" conditionals="79" coveredconditionals="69" methods="20" coveredmethods="18"/>
      <file name="albumController.js" path="C:\Users\diana\Desktop\desktop\An 2\sem 2\mpp\album-shop-backend\server\controllers\albumController.js">
        <metrics statements="112" coveredstatements="104" conditionals="79" coveredconditionals="69" methods="20" coveredmethods="18"/>
        <line num="2" count="1" type="stmt"/>
        <line num="3" count="1" type="cond" truecount="1" falsecount="0"/>
        <line num="4" count="67" type="cond" truecount="1" falsecount="1"/>
        <line num="5" count="67" type="stmt"/>
        <line num="6" count="67" type="cond" truecount="2" falsecount="0"/>
        <line num="10" count="1" type="stmt"/>
        <line num="31" count="7" type="stmt"/>
        <line num="32" count="7" type="stmt"/>
        <line num="34" count="7" type="cond" truecount="5" falsecount="0"/>
        <line num="35" count="3" type="stmt"/>
        <line num="38" count="7" type="cond" truecount="5" falsecount="0"/>
        <line num="39" count="1" type="stmt"/>
        <line num="42" count="7" type="cond" truecount="5" falsecount="0"/>
        <line num="43" count="3" type="stmt"/>
        <line num="46" count="7" type="cond" truecount="6" falsecount="0"/>
        <line num="47" count="4" type="stmt"/>
        <line num="50" count="7" type="cond" truecount="5" falsecount="0"/>
        <line num="51" count="5" type="stmt"/>
        <line num="54" count="7" type="cond" truecount="4" falsecount="0"/>
        <line num="55" count="4" type="stmt"/>
        <line num="58" count="7" type="cond" truecount="2" falsecount="0"/>
        <line num="59" count="5" type="stmt"/>
        <line num="61" count="2" type="stmt"/>
        <line num="64" count="7" type="stmt"/>
        <line num="69" count="10" type="stmt"/>
        <line num="70" count="10" type="stmt"/>
        <line num="73" count="10" type="stmt"/>
        <line num="75" count="10" type="cond" truecount="2" falsecount="0"/>
        <line num="76" count="1" type="stmt"/>
        <line num="77" count="1" type="stmt"/>
        <line num="78" count="16" type="stmt"/>
        <line num="82" count="10" type="cond" truecount="1" falsecount="1"/>
        <line num="83" count="0" type="stmt"/>
        <line num="84" count="0" type="stmt"/>
        <line num="85" count="0" type="stmt"/>
        <line num="89" count="10" type="cond" truecount="1" falsecount="1"/>
        <line num="90" count="0" type="stmt"/>
        <line num="91" count="0" type="stmt"/>
        <line num="92" count="0" type="stmt"/>
        <line num="96" count="10" type="cond" truecount="2" falsecount="0"/>
        <line num="97" count="1" type="stmt"/>
        <line num="98" count="1" type="stmt"/>
        <line num="99" count="16" type="stmt"/>
        <line num="103" count="10" type="cond" truecount="2" falsecount="0"/>
        <line num="104" count="1" type="stmt"/>
        <line num="105" count="1" type="stmt"/>
        <line num="106" count="16" type="stmt"/>
        <line num="110" count="10" type="cond" truecount="2" falsecount="0"/>
        <line num="111" count="1" type="stmt"/>
        <line num="112" count="1" type="stmt"/>
        <line num="113" count="16" type="stmt"/>
        <line num="117" count="10" type="cond" truecount="2" falsecount="0"/>
        <line num="118" count="1" type="stmt"/>
        <line num="119" count="1" type="stmt"/>
        <line num="120" count="16" type="stmt"/>
        <line num="125" count="10" type="stmt"/>
        <line num="127" count="10" type="cond" truecount="2" falsecount="0"/>
        <line num="128" count="2" type="cond" truecount="1" falsecount="1"/>
        <line num="129" count="2" type="stmt"/>
        <line num="130" count="2" type="cond" truecount="2" falsecount="0"/>
        <line num="131" count="2" type="cond" truecount="1" falsecount="1"/>
        <line num="133" count="2" type="stmt"/>
        <line num="134" count="90" type="cond" truecount="2" falsecount="0"/>
        <line num="135" count="44" type="stmt"/>
        <line num="137" count="46" type="stmt"/>
        <line num="142" count="10" type="stmt"/>
        <line num="143" count="10" type="stmt"/>
        <line num="148" count="2" type="stmt"/>
        <line num="149" count="2" type="stmt"/>
        <line num="151" count="17" type="stmt"/>
        <line num="153" count="2" type="cond" truecount="2" falsecount="0"/>
        <line num="154" count="1" type="stmt"/>
        <line num="155" count="1" type="stmt"/>
        <line num="158" count="1" type="stmt"/>
        <line num="159" count="1" type="stmt"/>
        <line num="164" count="5" type="stmt"/>
        <line num="165" count="5" type="stmt"/>
        <line num="168" count="5" type="stmt"/>
        <line num="170" count="5" type="cond" truecount="2" falsecount="0"/>
        <line num="171" count="4" type="stmt"/>
        <line num="172" count="4" type="stmt"/>
        <line num="176" count="16" type="cond" truecount="1" falsecount="1"/>
        <line num="177" count="1" type="stmt"/>
        <line num="180" count="1" type="stmt"/>
        <line num="192" count="1" type="stmt"/>
        <line num="195" count="1" type="stmt"/>
        <line num="197" count="1" type="stmt"/>
        <line num="198" count="1" type="stmt"/>
        <line num="203" count="2" type="stmt"/>
        <line num="204" count="2" type="stmt"/>
        <line num="207" count="5" type="stmt"/>
        <line num="209" count="2" type="cond" truecount="1" falsecount="1"/>
        <line num="210" count="0" type="stmt"/>
        <line num="211" count="0" type="stmt"/>
        <line num="215" count="2" type="cond" truecount="1" falsecount="1"/>
        <line num="216" count="2" type="stmt"/>
        <line num="217" count="2" type="stmt"/>
        <line num="219" count="2" type="cond" truecount="2" falsecount="0"/>
        <line num="220" count="1" type="stmt"/>
        <line num="221" count="1" type="stmt"/>
        <line num="226" count="1" type="stmt"/>
        <line num="232" count="1" type="stmt"/>
        <line num="233" count="1" type="stmt"/>
        <line num="238" count="3" type="stmt"/>
        <line num="239" count="3" type="stmt"/>
        <line num="241" count="33" type="stmt"/>
        <line num="243" count="3" type="cond" truecount="2" falsecount="0"/>
        <line num="244" count="2" type="stmt"/>
        <line num="245" count="2" type="stmt"/>
        <line num="248" count="17" type="stmt"/>
        <line num="249" count="1" type="stmt"/>
        <line num="250" count="1" type="stmt"/>
      </file>
    </package>
    <package name="server.routes">
      <metrics statements="6" coveredstatements="6" conditionals="0" coveredconditionals="0" methods="0" coveredmethods="0"/>
      <file name="albums.js" path="C:\Users\diana\Desktop\desktop\An 2\sem 2\mpp\album-shop-backend\server\routes\albums.js">
        <metrics statements="6" coveredstatements="6" conditionals="0" coveredconditionals="0" methods="0" coveredmethods="0"/>
        <line num="10" count="1" type="stmt"/>
        <line num="13" count="1" type="stmt"/>
        <line num="16" count="1" type="stmt"/>
        <line num="19" count="1" type="stmt"/>
        <line num="22" count="1" type="stmt"/>
        <line num="25" count="1" type="stmt"/>
      </file>
    </package>
  </project>
</coverage>
