{"C:\\Users\\diana\\Desktop\\desktop\\An 2\\sem 2\\mpp\\album-shop-backend\\server\\server.js": {"path":"C:\\Users\\diana\\Desktop\\desktop\\An 2\\sem 2\\mpp\\album-shop-backend\\server\\server.js","statementMap":{"0":{"start":{"line":5,"column":14},"end":{"line":5,"column":18}},"1":{"start":{"line":6,"column":12},"end":{"line":11,"column":1}},"2":{"start":{"line":13,"column":0},"end":{"line":13,"column":43}},"3":{"start":{"line":14,"column":12},"end":{"line":14,"column":21}},"4":{"start":{"line":17,"column":0},"end":{"line":20,"column":3}},"5":{"start":{"line":18,"column":4},"end":{"line":18,"column":56}},"6":{"start":{"line":19,"column":4},"end":{"line":19,"column":11}},"7":{"start":{"line":22,"column":0},"end":{"line":22,"column":16}},"8":{"start":{"line":23,"column":0},"end":{"line":23,"column":44}},"9":{"start":{"line":25,"column":0},"end":{"line":29,"column":4}},"10":{"start":{"line":30,"column":0},"end":{"line":30,"column":34}},"11":{"start":{"line":34,"column":0},"end":{"line":34,"column":36}},"12":{"start":{"line":35,"column":0},"end":{"line":35,"column":31}},"13":{"start":{"line":37,"column":0},"end":{"line":40,"column":3}},"14":{"start":{"line":38,"column":4},"end":{"line":38,"column":34}},"15":{"start":{"line":39,"column":4},"end":{"line":39,"column":51}},"16":{"start":{"line":42,"column":13},"end":{"line":42,"column":17}},"17":{"start":{"line":43,"column":0},"end":{"line":52,"column":3}},"18":{"start":{"line":44,"column":4},"end":{"line":44,"column":55}},"19":{"start":{"line":45,"column":4},"end":{"line":45,"column":32}},"20":{"start":{"line":46,"column":4},"end":{"line":46,"column":20}},"21":{"start":{"line":47,"column":4},"end":{"line":47,"column":30}},"22":{"start":{"line":48,"column":4},"end":{"line":48,"column":30}},"23":{"start":{"line":49,"column":4},"end":{"line":49,"column":34}},"24":{"start":{"line":50,"column":4},"end":{"line":50,"column":34}},"25":{"start":{"line":51,"column":4},"end":{"line":51,"column":36}}},"fnMap":{"0":{"name":"(anonymous_0)","decl":{"start":{"line":6,"column":12},"end":{"line":6,"column":13}},"loc":{"start":{"line":6,"column":38},"end":{"line":11,"column":1}},"line":6},"1":{"name":"(anonymous_1)","decl":{"start":{"line":17,"column":8},"end":{"line":17,"column":9}},"loc":{"start":{"line":17,"column":28},"end":{"line":20,"column":1}},"line":17},"2":{"name":"(anonymous_2)","decl":{"start":{"line":37,"column":13},"end":{"line":37,"column":14}},"loc":{"start":{"line":37,"column":27},"end":{"line":40,"column":1}},"line":37},"3":{"name":"(anonymous_3)","decl":{"start":{"line":43,"column":17},"end":{"line":43,"column":18}},"loc":{"start":{"line":43,"column":23},"end":{"line":52,"column":1}},"line":43}},"branchMap":{"0":{"loc":{"start":{"line":6,"column":22},"end":{"line":6,"column":33}},"type":"default-arg","locations":[{"start":{"line":6,"column":29},"end":{"line":6,"column":33}}],"line":6}},"s":{"0":1,"1":1,"2":1,"3":1,"4":1,"5":23,"6":23,"7":1,"8":1,"9":1,"10":1,"11":1,"12":1,"13":1,"14":1,"15":1,"16":1,"17":1,"18":1,"19":1,"20":1,"21":1,"22":1,"23":1,"24":1,"25":1},"f":{"0":36,"1":23,"2":1,"3":1},"b":{"0":[36]},"_coverageSchema":"1a1c01bbd47fc00a2c39e90264f33305004495a9","hash":"33ca7fab97f1f6b555b5afccb1af2072a6b5079e"}
,"C:\\Users\\diana\\Desktop\\desktop\\An 2\\sem 2\\mpp\\album-shop-backend\\server\\controllers\\albumController.js": {"path":"C:\\Users\\diana\\Desktop\\desktop\\An 2\\sem 2\\mpp\\album-shop-backend\\server\\controllers\\albumController.js","statementMap":{"0":{"start":{"line":2,"column":14},"end":{"line":2,"column":18}},"1":{"start":{"line":3,"column":12},"end":{"line":8,"column":1}},"2":{"start":{"line":4,"column":4},"end":{"line":7,"column":5}},"3":{"start":{"line":5,"column":8},"end":{"line":5,"column":72}},"4":{"start":{"line":6,"column":8},"end":{"line":6,"column":36}},"5":{"start":{"line":6,"column":18},"end":{"line":6,"column":36}},"6":{"start":{"line":10,"column":13},"end":{"line":27,"column":1}},"7":{"start":{"line":31,"column":4},"end":{"line":31,"column":41}},"8":{"start":{"line":32,"column":19},"end":{"line":32,"column":21}},"9":{"start":{"line":34,"column":4},"end":{"line":36,"column":5}},"10":{"start":{"line":35,"column":8},"end":{"line":35,"column":72}},"11":{"start":{"line":38,"column":4},"end":{"line":40,"column":5}},"12":{"start":{"line":39,"column":8},"end":{"line":39,"column":73}},"13":{"start":{"line":42,"column":4},"end":{"line":44,"column":5}},"14":{"start":{"line":43,"column":8},"end":{"line":43,"column":72}},"15":{"start":{"line":46,"column":4},"end":{"line":48,"column":5}},"16":{"start":{"line":47,"column":8},"end":{"line":47,"column":65}},"17":{"start":{"line":50,"column":4},"end":{"line":52,"column":5}},"18":{"start":{"line":51,"column":8},"end":{"line":51,"column":71}},"19":{"start":{"line":54,"column":4},"end":{"line":56,"column":5}},"20":{"start":{"line":55,"column":8},"end":{"line":55,"column":60}},"21":{"start":{"line":58,"column":4},"end":{"line":62,"column":5}},"22":{"start":{"line":59,"column":8},"end":{"line":59,"column":48}},"23":{"start":{"line":61,"column":8},"end":{"line":61,"column":43}},"24":{"start":{"line":64,"column":4},"end":{"line":64,"column":18}},"25":{"start":{"line":69,"column":4},"end":{"line":69,"column":72}},"26":{"start":{"line":70,"column":25},"end":{"line":70,"column":36}},"27":{"start":{"line":73,"column":76},"end":{"line":73,"column":85}},"28":{"start":{"line":75,"column":4},"end":{"line":80,"column":5}},"29":{"start":{"line":76,"column":8},"end":{"line":76,"column":44}},"30":{"start":{"line":77,"column":8},"end":{"line":79,"column":10}},"31":{"start":{"line":78,"column":12},"end":{"line":78,"column":67}},"32":{"start":{"line":82,"column":4},"end":{"line":87,"column":5}},"33":{"start":{"line":83,"column":8},"end":{"line":83,"column":46}},"34":{"start":{"line":84,"column":8},"end":{"line":86,"column":10}},"35":{"start":{"line":85,"column":12},"end":{"line":85,"column":69}},"36":{"start":{"line":89,"column":4},"end":{"line":94,"column":5}},"37":{"start":{"line":90,"column":8},"end":{"line":90,"column":46}},"38":{"start":{"line":91,"column":8},"end":{"line":93,"column":10}},"39":{"start":{"line":92,"column":12},"end":{"line":92,"column":63}},"40":{"start":{"line":96,"column":4},"end":{"line":101,"column":5}},"41":{"start":{"line":97,"column":8},"end":{"line":97,"column":55}},"42":{"start":{"line":98,"column":8},"end":{"line":100,"column":10}},"43":{"start":{"line":99,"column":12},"end":{"line":99,"column":47}},"44":{"start":{"line":103,"column":4},"end":{"line":108,"column":5}},"45":{"start":{"line":104,"column":8},"end":{"line":104,"column":55}},"46":{"start":{"line":105,"column":8},"end":{"line":107,"column":10}},"47":{"start":{"line":106,"column":12},"end":{"line":106,"column":47}},"48":{"start":{"line":110,"column":4},"end":{"line":115,"column":5}},"49":{"start":{"line":111,"column":8},"end":{"line":111,"column":53}},"50":{"start":{"line":112,"column":8},"end":{"line":114,"column":10}},"51":{"start":{"line":113,"column":12},"end":{"line":113,"column":43}},"52":{"start":{"line":117,"column":4},"end":{"line":122,"column":5}},"53":{"start":{"line":118,"column":8},"end":{"line":118,"column":53}},"54":{"start":{"line":119,"column":8},"end":{"line":121,"column":10}},"55":{"start":{"line":120,"column":12},"end":{"line":120,"column":43}},"56":{"start":{"line":125,"column":30},"end":{"line":125,"column":39}},"57":{"start":{"line":127,"column":4},"end":{"line":140,"column":5}},"58":{"start":{"line":128,"column":8},"end":{"line":128,"column":63}},"59":{"start":{"line":129,"column":32},"end":{"line":129,"column":77}},"60":{"start":{"line":130,"column":26},"end":{"line":130,"column":77}},"61":{"start":{"line":131,"column":26},"end":{"line":131,"column":51}},"62":{"start":{"line":133,"column":8},"end":{"line":139,"column":11}},"63":{"start":{"line":134,"column":12},"end":{"line":138,"column":13}},"64":{"start":{"line":135,"column":16},"end":{"line":135,"column":76}},"65":{"start":{"line":137,"column":16},"end":{"line":137,"column":65}},"66":{"start":{"line":142,"column":4},"end":{"line":142,"column":53}},"67":{"start":{"line":143,"column":4},"end":{"line":143,"column":29}},"68":{"start":{"line":148,"column":19},"end":{"line":148,"column":29}},"69":{"start":{"line":149,"column":4},"end":{"line":149,"column":58}},"70":{"start":{"line":151,"column":18},"end":{"line":151,"column":63}},"71":{"start":{"line":151,"column":39},"end":{"line":151,"column":62}},"72":{"start":{"line":153,"column":4},"end":{"line":156,"column":5}},"73":{"start":{"line":154,"column":8},"end":{"line":154,"column":45}},"74":{"start":{"line":155,"column":8},"end":{"line":155,"column":68}},"75":{"start":{"line":158,"column":4},"end":{"line":158,"column":31}},"76":{"start":{"line":159,"column":4},"end":{"line":159,"column":20}},"77":{"start":{"line":164,"column":4},"end":{"line":164,"column":58}},"78":{"start":{"line":165,"column":21},"end":{"line":165,"column":29}},"79":{"start":{"line":168,"column":19},"end":{"line":168,"column":42}},"80":{"start":{"line":170,"column":4},"end":{"line":173,"column":5}},"81":{"start":{"line":171,"column":8},"end":{"line":171,"column":42}},"82":{"start":{"line":172,"column":8},"end":{"line":172,"column":48}},"83":{"start":{"line":176,"column":15},"end":{"line":176,"column":85}},"84":{"start":{"line":176,"column":67},"end":{"line":176,"column":75}},"85":{"start":{"line":177,"column":4},"end":{"line":177,"column":41}},"86":{"start":{"line":180,"column":23},"end":{"line":190,"column":5}},"87":{"start":{"line":192,"column":4},"end":{"line":192,"column":49}},"88":{"start":{"line":195,"column":4},"end":{"line":195,"column":28}},"89":{"start":{"line":197,"column":4},"end":{"line":197,"column":68}},"90":{"start":{"line":198,"column":4},"end":{"line":198,"column":37}},"91":{"start":{"line":203,"column":19},"end":{"line":203,"column":29}},"92":{"start":{"line":204,"column":4},"end":{"line":204,"column":61}},"93":{"start":{"line":207,"column":23},"end":{"line":207,"column":73}},"94":{"start":{"line":207,"column":49},"end":{"line":207,"column":72}},"95":{"start":{"line":209,"column":4},"end":{"line":212,"column":5}},"96":{"start":{"line":210,"column":8},"end":{"line":210,"column":45}},"97":{"start":{"line":211,"column":8},"end":{"line":211,"column":68}},"98":{"start":{"line":215,"column":4},"end":{"line":223,"column":5}},"99":{"start":{"line":216,"column":32},"end":{"line":216,"column":70}},"100":{"start":{"line":217,"column":23},"end":{"line":217,"column":53}},"101":{"start":{"line":219,"column":8},"end":{"line":222,"column":9}},"102":{"start":{"line":220,"column":12},"end":{"line":220,"column":46}},"103":{"start":{"line":221,"column":12},"end":{"line":221,"column":52}},"104":{"start":{"line":226,"column":4},"end":{"line":230,"column":6}},"105":{"start":{"line":232,"column":4},"end":{"line":232,"column":59}},"106":{"start":{"line":233,"column":4},"end":{"line":233,"column":33}},"107":{"start":{"line":238,"column":19},"end":{"line":238,"column":29}},"108":{"start":{"line":239,"column":4},"end":{"line":239,"column":53}},"109":{"start":{"line":241,"column":23},"end":{"line":241,"column":73}},"110":{"start":{"line":241,"column":49},"end":{"line":241,"column":72}},"111":{"start":{"line":243,"column":4},"end":{"line":246,"column":5}},"112":{"start":{"line":244,"column":8},"end":{"line":244,"column":45}},"113":{"start":{"line":245,"column":8},"end":{"line":245,"column":68}},"114":{"start":{"line":248,"column":4},"end":{"line":248,"column":61}},"115":{"start":{"line":248,"column":36},"end":{"line":248,"column":59}},"116":{"start":{"line":249,"column":4},"end":{"line":249,"column":74}},"117":{"start":{"line":250,"column":4},"end":{"line":250,"column":56}}},"fnMap":{"0":{"name":"(anonymous_0)","decl":{"start":{"line":3,"column":12},"end":{"line":3,"column":13}},"loc":{"start":{"line":3,"column":38},"end":{"line":8,"column":1}},"line":3},"1":{"name":"validateAlbum","decl":{"start":{"line":30,"column":9},"end":{"line":30,"column":22}},"loc":{"start":{"line":30,"column":30},"end":{"line":65,"column":1}},"line":30},"2":{"name":"getAlbums","decl":{"start":{"line":68,"column":16},"end":{"line":68,"column":25}},"loc":{"start":{"line":68,"column":36},"end":{"line":144,"column":1}},"line":68},"3":{"name":"(anonymous_3)","decl":{"start":{"line":77,"column":47},"end":{"line":77,"column":48}},"loc":{"start":{"line":78,"column":12},"end":{"line":78,"column":67}},"line":78},"4":{"name":"(anonymous_4)","decl":{"start":{"line":84,"column":47},"end":{"line":84,"column":48}},"loc":{"start":{"line":85,"column":12},"end":{"line":85,"column":69}},"line":85},"5":{"name":"(anonymous_5)","decl":{"start":{"line":91,"column":47},"end":{"line":91,"column":48}},"loc":{"start":{"line":92,"column":12},"end":{"line":92,"column":63}},"line":92},"6":{"name":"(anonymous_6)","decl":{"start":{"line":98,"column":47},"end":{"line":98,"column":48}},"loc":{"start":{"line":99,"column":12},"end":{"line":99,"column":47}},"line":99},"7":{"name":"(anonymous_7)","decl":{"start":{"line":105,"column":47},"end":{"line":105,"column":48}},"loc":{"start":{"line":106,"column":12},"end":{"line":106,"column":47}},"line":106},"8":{"name":"(anonymous_8)","decl":{"start":{"line":112,"column":47},"end":{"line":112,"column":48}},"loc":{"start":{"line":113,"column":12},"end":{"line":113,"column":43}},"line":113},"9":{"name":"(anonymous_9)","decl":{"start":{"line":119,"column":47},"end":{"line":119,"column":48}},"loc":{"start":{"line":120,"column":12},"end":{"line":120,"column":43}},"line":120},"10":{"name":"(anonymous_10)","decl":{"start":{"line":133,"column":28},"end":{"line":133,"column":29}},"loc":{"start":{"line":133,"column":38},"end":{"line":139,"column":9}},"line":133},"11":{"name":"getAlbumById","decl":{"start":{"line":147,"column":16},"end":{"line":147,"column":28}},"loc":{"start":{"line":147,"column":39},"end":{"line":160,"column":1}},"line":147},"12":{"name":"(anonymous_12)","decl":{"start":{"line":151,"column":30},"end":{"line":151,"column":31}},"loc":{"start":{"line":151,"column":39},"end":{"line":151,"column":62}},"line":151},"13":{"name":"addAlbum","decl":{"start":{"line":163,"column":16},"end":{"line":163,"column":24}},"loc":{"start":{"line":163,"column":35},"end":{"line":199,"column":1}},"line":163},"14":{"name":"(anonymous_14)","decl":{"start":{"line":176,"column":58},"end":{"line":176,"column":59}},"loc":{"start":{"line":176,"column":67},"end":{"line":176,"column":75}},"line":176},"15":{"name":"updateAlbum","decl":{"start":{"line":202,"column":16},"end":{"line":202,"column":27}},"loc":{"start":{"line":202,"column":38},"end":{"line":234,"column":1}},"line":202},"16":{"name":"(anonymous_16)","decl":{"start":{"line":207,"column":40},"end":{"line":207,"column":41}},"loc":{"start":{"line":207,"column":49},"end":{"line":207,"column":72}},"line":207},"17":{"name":"deleteAlbum","decl":{"start":{"line":237,"column":16},"end":{"line":237,"column":27}},"loc":{"start":{"line":237,"column":38},"end":{"line":251,"column":1}},"line":237},"18":{"name":"(anonymous_18)","decl":{"start":{"line":241,"column":40},"end":{"line":241,"column":41}},"loc":{"start":{"line":241,"column":49},"end":{"line":241,"column":72}},"line":241},"19":{"name":"(anonymous_19)","decl":{"start":{"line":248,"column":27},"end":{"line":248,"column":28}},"loc":{"start":{"line":248,"column":36},"end":{"line":248,"column":59}},"line":248}},"branchMap":{"0":{"loc":{"start":{"line":3,"column":22},"end":{"line":3,"column":33}},"type":"default-arg","locations":[{"start":{"line":3,"column":29},"end":{"line":3,"column":33}}],"line":3},"1":{"loc":{"start":{"line":4,"column":4},"end":{"line":7,"column":5}},"type":"if","locations":[{"start":{"line":4,"column":4},"end":{"line":7,"column":5}},{"start":{},"end":{}}],"line":4},"2":{"loc":{"start":{"line":6,"column":8},"end":{"line":6,"column":36}},"type":"if","locations":[{"start":{"line":6,"column":8},"end":{"line":6,"column":36}},{"start":{},"end":{}}],"line":6},"3":{"loc":{"start":{"line":34,"column":4},"end":{"line":36,"column":5}},"type":"if","locations":[{"start":{"line":34,"column":4},"end":{"line":36,"column":5}},{"start":{},"end":{}}],"line":34},"4":{"loc":{"start":{"line":34,"column":8},"end":{"line":34,"column":84}},"type":"binary-expr","locations":[{"start":{"line":34,"column":8},"end":{"line":34,"column":20}},{"start":{"line":34,"column":24},"end":{"line":34,"column":55}},{"start":{"line":34,"column":59},"end":{"line":34,"column":84}}],"line":34},"5":{"loc":{"start":{"line":38,"column":4},"end":{"line":40,"column":5}},"type":"if","locations":[{"start":{"line":38,"column":4},"end":{"line":40,"column":5}},{"start":{},"end":{}}],"line":38},"6":{"loc":{"start":{"line":38,"column":8},"end":{"line":38,"column":87}},"type":"binary-expr","locations":[{"start":{"line":38,"column":8},"end":{"line":38,"column":21}},{"start":{"line":38,"column":25},"end":{"line":38,"column":57}},{"start":{"line":38,"column":61},"end":{"line":38,"column":87}}],"line":38},"7":{"loc":{"start":{"line":42,"column":4},"end":{"line":44,"column":5}},"type":"if","locations":[{"start":{"line":42,"column":4},"end":{"line":44,"column":5}},{"start":{},"end":{}}],"line":42},"8":{"loc":{"start":{"line":42,"column":8},"end":{"line":42,"column":84}},"type":"binary-expr","locations":[{"start":{"line":42,"column":8},"end":{"line":42,"column":20}},{"start":{"line":42,"column":24},"end":{"line":42,"column":55}},{"start":{"line":42,"column":59},"end":{"line":42,"column":84}}],"line":42},"9":{"loc":{"start":{"line":46,"column":4},"end":{"line":48,"column":5}},"type":"if","locations":[{"start":{"line":46,"column":4},"end":{"line":48,"column":5}},{"start":{},"end":{}}],"line":46},"10":{"loc":{"start":{"line":46,"column":8},"end":{"line":46,"column":106}},"type":"binary-expr","locations":[{"start":{"line":46,"column":8},"end":{"line":46,"column":19}},{"start":{"line":46,"column":23},"end":{"line":46,"column":40}},{"start":{"line":46,"column":44},"end":{"line":46,"column":61}},{"start":{"line":46,"column":65},"end":{"line":46,"column":106}}],"line":46},"11":{"loc":{"start":{"line":50,"column":4},"end":{"line":52,"column":5}},"type":"if","locations":[{"start":{"line":50,"column":4},"end":{"line":52,"column":5}},{"start":{},"end":{}}],"line":50},"12":{"loc":{"start":{"line":50,"column":8},"end":{"line":50,"column":62}},"type":"binary-expr","locations":[{"start":{"line":50,"column":8},"end":{"line":50,"column":20}},{"start":{"line":50,"column":24},"end":{"line":50,"column":42}},{"start":{"line":50,"column":46},"end":{"line":50,"column":62}}],"line":50},"13":{"loc":{"start":{"line":54,"column":4},"end":{"line":56,"column":5}},"type":"if","locations":[{"start":{"line":54,"column":4},"end":{"line":56,"column":5}},{"start":{},"end":{}}],"line":54},"14":{"loc":{"start":{"line":54,"column":8},"end":{"line":54,"column":75}},"type":"binary-expr","locations":[{"start":{"line":54,"column":8},"end":{"line":54,"column":21}},{"start":{"line":54,"column":25},"end":{"line":54,"column":75}}],"line":54},"15":{"loc":{"start":{"line":58,"column":4},"end":{"line":62,"column":5}},"type":"if","locations":[{"start":{"line":58,"column":4},"end":{"line":62,"column":5}},{"start":{"line":60,"column":11},"end":{"line":62,"column":5}}],"line":58},"16":{"loc":{"start":{"line":75,"column":4},"end":{"line":80,"column":5}},"type":"if","locations":[{"start":{"line":75,"column":4},"end":{"line":80,"column":5}},{"start":{},"end":{}}],"line":75},"17":{"loc":{"start":{"line":82,"column":4},"end":{"line":87,"column":5}},"type":"if","locations":[{"start":{"line":82,"column":4},"end":{"line":87,"column":5}},{"start":{},"end":{}}],"line":82},"18":{"loc":{"start":{"line":89,"column":4},"end":{"line":94,"column":5}},"type":"if","locations":[{"start":{"line":89,"column":4},"end":{"line":94,"column":5}},{"start":{},"end":{}}],"line":89},"19":{"loc":{"start":{"line":96,"column":4},"end":{"line":101,"column":5}},"type":"if","locations":[{"start":{"line":96,"column":4},"end":{"line":101,"column":5}},{"start":{},"end":{}}],"line":96},"20":{"loc":{"start":{"line":103,"column":4},"end":{"line":108,"column":5}},"type":"if","locations":[{"start":{"line":103,"column":4},"end":{"line":108,"column":5}},{"start":{},"end":{}}],"line":103},"21":{"loc":{"start":{"line":110,"column":4},"end":{"line":115,"column":5}},"type":"if","locations":[{"start":{"line":110,"column":4},"end":{"line":115,"column":5}},{"start":{},"end":{}}],"line":110},"22":{"loc":{"start":{"line":117,"column":4},"end":{"line":122,"column":5}},"type":"if","locations":[{"start":{"line":117,"column":4},"end":{"line":122,"column":5}},{"start":{},"end":{}}],"line":117},"23":{"loc":{"start":{"line":127,"column":4},"end":{"line":140,"column":5}},"type":"if","locations":[{"start":{"line":127,"column":4},"end":{"line":140,"column":5}},{"start":{},"end":{}}],"line":127},"24":{"loc":{"start":{"line":128,"column":39},"end":{"line":128,"column":53}},"type":"binary-expr","locations":[{"start":{"line":128,"column":39},"end":{"line":128,"column":44}},{"start":{"line":128,"column":48},"end":{"line":128,"column":53}}],"line":128},"25":{"loc":{"start":{"line":130,"column":26},"end":{"line":130,"column":77}},"type":"cond-expr","locations":[{"start":{"line":130,"column":61},"end":{"line":130,"column":67}},{"start":{"line":130,"column":70},"end":{"line":130,"column":77}}],"line":130},"26":{"loc":{"start":{"line":131,"column":26},"end":{"line":131,"column":51}},"type":"cond-expr","locations":[{"start":{"line":131,"column":45},"end":{"line":131,"column":47}},{"start":{"line":131,"column":50},"end":{"line":131,"column":51}}],"line":131},"27":{"loc":{"start":{"line":134,"column":12},"end":{"line":138,"column":13}},"type":"if","locations":[{"start":{"line":134,"column":12},"end":{"line":138,"column":13}},{"start":{"line":136,"column":19},"end":{"line":138,"column":13}}],"line":134},"28":{"loc":{"start":{"line":153,"column":4},"end":{"line":156,"column":5}},"type":"if","locations":[{"start":{"line":153,"column":4},"end":{"line":156,"column":5}},{"start":{},"end":{}}],"line":153},"29":{"loc":{"start":{"line":170,"column":4},"end":{"line":173,"column":5}},"type":"if","locations":[{"start":{"line":170,"column":4},"end":{"line":173,"column":5}},{"start":{},"end":{}}],"line":170},"30":{"loc":{"start":{"line":176,"column":15},"end":{"line":176,"column":85}},"type":"cond-expr","locations":[{"start":{"line":176,"column":35},"end":{"line":176,"column":81}},{"start":{"line":176,"column":84},"end":{"line":176,"column":85}}],"line":176},"31":{"loc":{"start":{"line":188,"column":15},"end":{"line":188,"column":35}},"type":"binary-expr","locations":[{"start":{"line":188,"column":15},"end":{"line":188,"column":29}},{"start":{"line":188,"column":33},"end":{"line":188,"column":35}}],"line":188},"32":{"loc":{"start":{"line":189,"column":15},"end":{"line":189,"column":35}},"type":"binary-expr","locations":[{"start":{"line":189,"column":15},"end":{"line":189,"column":29}},{"start":{"line":189,"column":33},"end":{"line":189,"column":35}}],"line":189},"33":{"loc":{"start":{"line":209,"column":4},"end":{"line":212,"column":5}},"type":"if","locations":[{"start":{"line":209,"column":4},"end":{"line":212,"column":5}},{"start":{},"end":{}}],"line":209},"34":{"loc":{"start":{"line":215,"column":4},"end":{"line":223,"column":5}},"type":"if","locations":[{"start":{"line":215,"column":4},"end":{"line":223,"column":5}},{"start":{},"end":{}}],"line":215},"35":{"loc":{"start":{"line":219,"column":8},"end":{"line":222,"column":9}},"type":"if","locations":[{"start":{"line":219,"column":8},"end":{"line":222,"column":9}},{"start":{},"end":{}}],"line":219},"36":{"loc":{"start":{"line":243,"column":4},"end":{"line":246,"column":5}},"type":"if","locations":[{"start":{"line":243,"column":4},"end":{"line":246,"column":5}},{"start":{},"end":{}}],"line":243}},"s":{"0":1,"1":1,"2":67,"3":67,"4":67,"5":37,"6":1,"7":7,"8":7,"9":7,"10":3,"11":7,"12":1,"13":7,"14":3,"15":7,"16":4,"17":7,"18":5,"19":7,"20":4,"21":7,"22":5,"23":2,"24":7,"25":10,"26":10,"27":10,"28":10,"29":1,"30":1,"31":16,"32":10,"33":0,"34":0,"35":0,"36":10,"37":0,"38":0,"39":0,"40":10,"41":1,"42":1,"43":16,"44":10,"45":1,"46":1,"47":16,"48":10,"49":1,"50":1,"51":16,"52":10,"53":1,"54":1,"55":16,"56":10,"57":10,"58":2,"59":2,"60":2,"61":2,"62":2,"63":90,"64":44,"65":46,"66":10,"67":10,"68":2,"69":2,"70":2,"71":17,"72":2,"73":1,"74":1,"75":1,"76":1,"77":5,"78":5,"79":5,"80":5,"81":4,"82":4,"83":1,"84":16,"85":1,"86":1,"87":1,"88":1,"89":1,"90":1,"91":2,"92":2,"93":2,"94":5,"95":2,"96":0,"97":0,"98":2,"99":2,"100":2,"101":2,"102":1,"103":1,"104":1,"105":1,"106":1,"107":3,"108":3,"109":3,"110":33,"111":3,"112":2,"113":2,"114":1,"115":17,"116":1,"117":1},"f":{"0":67,"1":7,"2":10,"3":16,"4":0,"5":0,"6":16,"7":16,"8":16,"9":16,"10":90,"11":2,"12":17,"13":5,"14":16,"15":2,"16":5,"17":3,"18":33,"19":17},"b":{"0":[30],"1":[67,0],"2":[37,30],"3":[3,4],"4":[7,4,4],"5":[1,6],"6":[7,6,6],"7":[3,4],"8":[7,4,4],"9":[4,3],"10":[7,4,3,3],"11":[5,2],"12":[7,4,3],"13":[4,3],"14":[7,4],"15":[5,2],"16":[1,9],"17":[0,10],"18":[0,10],"19":[1,9],"20":[1,9],"21":[1,9],"22":[1,9],"23":[2,8],"24":[2,0],"25":[1,1],"26":[0,2],"27":[44,46],"28":[1,1],"29":[4,1],"30":[1,0],"31":[1,0],"32":[1,0],"33":[0,2],"34":[2,0],"35":[1,1],"36":[2,1]},"_coverageSchema":"1a1c01bbd47fc00a2c39e90264f33305004495a9","hash":"a49281a434249ea11232ffbec3f1254c348f37d7"}
,"C:\\Users\\diana\\Desktop\\desktop\\An 2\\sem 2\\mpp\\album-shop-backend\\server\\routes\\albums.js": {"path":"C:\\Users\\diana\\Desktop\\desktop\\An 2\\sem 2\\mpp\\album-shop-backend\\server\\routes\\albums.js","statementMap":{"0":{"start":{"line":10,"column":15},"end":{"line":10,"column":31}},"1":{"start":{"line":13,"column":0},"end":{"line":13,"column":27}},"2":{"start":{"line":16,"column":0},"end":{"line":16,"column":27}},"3":{"start":{"line":19,"column":0},"end":{"line":19,"column":33}},"4":{"start":{"line":22,"column":0},"end":{"line":22,"column":32}},"5":{"start":{"line":25,"column":0},"end":{"line":25,"column":35}}},"fnMap":{},"branchMap":{},"s":{"0":1,"1":1,"2":1,"3":1,"4":1,"5":1},"f":{},"b":{},"_coverageSchema":"1a1c01bbd47fc00a2c39e90264f33305004495a9","hash":"ad18685093b83e27c7c20a472ec746d37ba29748"}
}
