TN:
SF:server.js
FN:6,(anonymous_0)
FN:17,(anonymous_1)
FN:37,(anonymous_2)
FN:43,(anonymous_3)
FNF:4
FNH:4
FNDA:36,(anonymous_0)
FNDA:23,(anonymous_1)
FNDA:1,(anonymous_2)
FNDA:1,(anonymous_3)
DA:5,1
DA:6,1
DA:13,1
DA:14,1
DA:17,1
DA:18,23
DA:19,23
DA:22,1
DA:23,1
DA:25,1
DA:30,1
DA:34,1
DA:35,1
DA:37,1
DA:38,1
DA:39,1
DA:42,1
DA:43,1
DA:44,1
DA:45,1
DA:46,1
DA:47,1
DA:48,1
DA:49,1
DA:50,1
DA:51,1
LF:26
LH:26
BRDA:6,0,0,36
BRF:1
BRH:1
end_of_record
TN:
SF:controllers\albumController.js
FN:3,(anonymous_0)
FN:30,validateAlbum
FN:68,getAlbums
FN:77,(anonymous_3)
FN:84,(anonymous_4)
FN:91,(anonymous_5)
FN:98,(anonymous_6)
FN:105,(anonymous_7)
FN:112,(anonymous_8)
FN:119,(anonymous_9)
FN:133,(anonymous_10)
FN:147,getAlbumById
FN:151,(anonymous_12)
FN:163,addAlbum
FN:176,(anonymous_14)
FN:202,updateAlbum
FN:207,(anonymous_16)
FN:237,deleteAlbum
FN:241,(anonymous_18)
FN:248,(anonymous_19)
FNF:20
FNH:18
FNDA:67,(anonymous_0)
FNDA:7,validateAlbum
FNDA:10,getAlbums
FNDA:16,(anonymous_3)
FNDA:0,(anonymous_4)
FNDA:0,(anonymous_5)
FNDA:16,(anonymous_6)
FNDA:16,(anonymous_7)
FNDA:16,(anonymous_8)
FNDA:16,(anonymous_9)
FNDA:90,(anonymous_10)
FNDA:2,getAlbumById
FNDA:17,(anonymous_12)
FNDA:5,addAlbum
FNDA:16,(anonymous_14)
FNDA:2,updateAlbum
FNDA:5,(anonymous_16)
FNDA:3,deleteAlbum
FNDA:33,(anonymous_18)
FNDA:17,(anonymous_19)
DA:2,1
DA:3,1
DA:4,67
DA:5,67
DA:6,67
DA:10,1
DA:31,7
DA:32,7
DA:34,7
DA:35,3
DA:38,7
DA:39,1
DA:42,7
DA:43,3
DA:46,7
DA:47,4
DA:50,7
DA:51,5
DA:54,7
DA:55,4
DA:58,7
DA:59,5
DA:61,2
DA:64,7
DA:69,10
DA:70,10
DA:73,10
DA:75,10
DA:76,1
DA:77,1
DA:78,16
DA:82,10
DA:83,0
DA:84,0
DA:85,0
DA:89,10
DA:90,0
DA:91,0
DA:92,0
DA:96,10
DA:97,1
DA:98,1
DA:99,16
DA:103,10
DA:104,1
DA:105,1
DA:106,16
DA:110,10
DA:111,1
DA:112,1
DA:113,16
DA:117,10
DA:118,1
DA:119,1
DA:120,16
DA:125,10
DA:127,10
DA:128,2
DA:129,2
DA:130,2
DA:131,2
DA:133,2
DA:134,90
DA:135,44
DA:137,46
DA:142,10
DA:143,10
DA:148,2
DA:149,2
DA:151,17
DA:153,2
DA:154,1
DA:155,1
DA:158,1
DA:159,1
DA:164,5
DA:165,5
DA:168,5
DA:170,5
DA:171,4
DA:172,4
DA:176,16
DA:177,1
DA:180,1
DA:192,1
DA:195,1
DA:197,1
DA:198,1
DA:203,2
DA:204,2
DA:207,5
DA:209,2
DA:210,0
DA:211,0
DA:215,2
DA:216,2
DA:217,2
DA:219,2
DA:220,1
DA:221,1
DA:226,1
DA:232,1
DA:233,1
DA:238,3
DA:239,3
DA:241,33
DA:243,3
DA:244,2
DA:245,2
DA:248,17
DA:249,1
DA:250,1
LF:112
LH:104
BRDA:3,0,0,30
BRDA:4,1,0,67
BRDA:4,1,1,0
BRDA:6,2,0,37
BRDA:6,2,1,30
BRDA:34,3,0,3
BRDA:34,3,1,4
BRDA:34,4,0,7
BRDA:34,4,1,4
BRDA:34,4,2,4
BRDA:38,5,0,1
BRDA:38,5,1,6
BRDA:38,6,0,7
BRDA:38,6,1,6
BRDA:38,6,2,6
BRDA:42,7,0,3
BRDA:42,7,1,4
BRDA:42,8,0,7
BRDA:42,8,1,4
BRDA:42,8,2,4
BRDA:46,9,0,4
BRDA:46,9,1,3
BRDA:46,10,0,7
BRDA:46,10,1,4
BRDA:46,10,2,3
BRDA:46,10,3,3
BRDA:50,11,0,5
BRDA:50,11,1,2
BRDA:50,12,0,7
BRDA:50,12,1,4
BRDA:50,12,2,3
BRDA:54,13,0,4
BRDA:54,13,1,3
BRDA:54,14,0,7
BRDA:54,14,1,4
BRDA:58,15,0,5
BRDA:58,15,1,2
BRDA:75,16,0,1
BRDA:75,16,1,9
BRDA:82,17,0,0
BRDA:82,17,1,10
BRDA:89,18,0,0
BRDA:89,18,1,10
BRDA:96,19,0,1
BRDA:96,19,1,9
BRDA:103,20,0,1
BRDA:103,20,1,9
BRDA:110,21,0,1
BRDA:110,21,1,9
BRDA:117,22,0,1
BRDA:117,22,1,9
BRDA:127,23,0,2
BRDA:127,23,1,8
BRDA:128,24,0,2
BRDA:128,24,1,0
BRDA:130,25,0,1
BRDA:130,25,1,1
BRDA:131,26,0,0
BRDA:131,26,1,2
BRDA:134,27,0,44
BRDA:134,27,1,46
BRDA:153,28,0,1
BRDA:153,28,1,1
BRDA:170,29,0,4
BRDA:170,29,1,1
BRDA:176,30,0,1
BRDA:176,30,1,0
BRDA:188,31,0,1
BRDA:188,31,1,0
BRDA:189,32,0,1
BRDA:189,32,1,0
BRDA:209,33,0,0
BRDA:209,33,1,2
BRDA:215,34,0,2
BRDA:215,34,1,0
BRDA:219,35,0,1
BRDA:219,35,1,1
BRDA:243,36,0,2
BRDA:243,36,1,1
BRF:79
BRH:69
end_of_record
TN:
SF:routes\albums.js
FNF:0
FNH:0
DA:10,1
DA:13,1
DA:16,1
DA:19,1
DA:22,1
DA:25,1
LF:6
LH:6
BRF:0
BRH:0
end_of_record
